<?xml version="1.0" encoding="UTF-8"?>
<!-- Generated by org.testng.reporters.JUnitXMLReporter -->
<testsuite ignored="1" hostname="W-CH6TVP2" failures="0" tests="1" name="LoginTest2" time="7.644" errors="0" timestamp="18 May 2021 05:10:13 GMT">
  <testcase classname="com.automation.framework.basetest.BaseClass" name="@BeforeMethod beforeMethod" time="6.826">
    <failure type="java.lang.NoClassDefFoundError" message="Could not initialize class com.automation.framework.uicontrols.WebApTool">
      <![CDATA[java.lang.NoClassDefFoundError: Could not initialize class com.automation.framework.uicontrols.WebApTool
at com.automation.framework.basetest.BaseClass.beforeMethod(BaseClass.java:59)
at java.base/java.util.concurrent.FutureTask.run(FutureTask.java:264)
at java.base/java.util.concurrent.ThreadPoolExecutor.runWorker(ThreadPoolExecutor.java:1130)
at java.base/java.util.concurrent.ThreadPoolExecutor$Worker.run(ThreadPoolExecutor.java:630)
at java.base/java.lang.Thread.run(Thread.java:832)
... Removed 19 stack frames]]>
    </failure>
  </testcase> <!-- @BeforeMethod beforeMethod -->
  <testcase classname="com.automation.framework.basetest.BaseClass" name="@AfterMethod afterMethod" time="0.0">
    <skipped/>
  </testcase> <!-- @AfterMethod afterMethod -->
  <testcase classname="com.automation.framework.webapTestTools.reporting.com.automation.framework.test.LoginTests" name="facebooklaunch2" time="0.0">
    <skipped/>
  </testcase> <!-- facebooklaunch2 -->
  <testcase classname="com.automation.framework.webapTestTools.reporting.com.automation.framework.test.LoginTests" name="facebooklaunch" time="0.0">
    <ignored/>
  </testcase> <!-- facebooklaunch -->
</testsuite> <!-- LoginTest2 -->
